10:30:06 Bean 'org.springframework.cloud.autoconfigure.ConfigurationPropertiesRebinderAutoConfiguration' of type [org.springframework.cloud.autoconfigure.ConfigurationPropertiesRebinderAutoConfiguration$$EnhancerBySpringCGLIB$$8e3da736] is not eligible for getting processed by all BeanPostProcessors (for example: not eligible for auto-proxying)
10:30:08 No active profile set, falling back to default profiles: default
10:30:09 Endpoint ID 'service-registry' contains invalid characters, please migrate to a valid format.
10:30:09 BeanFactory id=602ebea7-ba56-317f-97d1-e20783f42ec0
10:30:09 Bean 'org.springframework.cloud.autoconfigure.ConfigurationPropertiesRebinderAutoConfiguration' of type [org.springframework.cloud.autoconfigure.ConfigurationPropertiesRebinderAutoConfiguration$$EnhancerBySpringCGLIB$$8e3da736] is not eligible for getting processed by all BeanPostProcessors (for example: not eligible for auto-proxying)
10:30:09 Tomcat initialized with port(s): 8761 (http)
10:30:09 Initializing ProtocolHandler ["http-nio-8761"]
10:30:09 Starting service [Tomcat]
10:30:09 Starting Servlet engine: [Apache Tomcat/9.0.17]
10:30:09 Initializing Spring embedded WebApplicationContext
10:30:09 Root WebApplicationContext: initialization completed in 1251 ms
10:30:10 No URLs will be polled as dynamic configuration sources.
10:30:10 To enable URLs as dynamic configuration sources, define System property archaius.configurationSource.additionalUrls or make config.properties available on classpath.
10:30:10 DynamicPropertyFactory is initialized with configuration sources: com.netflix.config.ConcurrentCompositeConfiguration@7903d448
10:30:12 Cannot determine local hostname
10:30:12 Initiating Jersey application, version 'Jersey: 1.19.1 03/11/2016 02:08 PM'
10:30:12 No URLs will be polled as dynamic configuration sources.
10:30:12 To enable URLs as dynamic configuration sources, define System property archaius.configurationSource.additionalUrls or make config.properties available on classpath.
10:30:12 Initializing ExecutorService 'applicationTaskExecutor'
10:30:15 Cannot determine local hostname
10:30:15 Setting initial instance status as: STARTING
10:30:15 Exposing 2 endpoint(s) beneath base path '/actuator'
10:30:15 Registering application EXEUREKA with eureka with status UP
10:30:15 Setting the eureka configuration..
10:30:15 Eureka data center value eureka.datacenter is not set, defaulting to default
10:30:15 Eureka environment value eureka.environment is not set, defaulting to test
10:30:15 isAws returned false
10:30:15 Starting ProtocolHandler ["http-nio-8761"]
10:30:15 Initialized server context
10:30:15 Started Eureka Server
10:30:15 Tomcat started on port(s): 8761 (http) with context path ''
10:30:15 Updating port to 8761
10:30:15 Started EurekaExApplication in 10.603 seconds (JVM running for 11.81)
10:30:19 Initializing Spring DispatcherServlet 'dispatcherServlet'
10:30:19 Initializing Servlet 'dispatcherServlet'
10:30:19 Completed initialization in 7 ms
11:27:33 Application shutdown requested.
11:27:33 Unregistering application EXEUREKA with eureka with status DOWN
11:27:33 Shutting down ExecutorService 'applicationTaskExecutor'
11:27:33 Pausing ProtocolHandler ["http-nio-8761"]
11:27:34 Stopping service [Tomcat]
11:27:34 Destroying Spring FrameworkServlet 'dispatcherServlet'
11:27:34 Stopping ProtocolHandler ["http-nio-8761"]
11:27:34 Destroying ProtocolHandler ["http-nio-8761"]
11:29:46 Bean 'org.springframework.cloud.autoconfigure.ConfigurationPropertiesRebinderAutoConfiguration' of type [org.springframework.cloud.autoconfigure.ConfigurationPropertiesRebinderAutoConfiguration$$EnhancerBySpringCGLIB$$37cef890] is not eligible for getting processed by all BeanPostProcessors (for example: not eligible for auto-proxying)
11:29:48 No active profile set, falling back to default profiles: default
11:29:49 Endpoint ID 'service-registry' contains invalid characters, please migrate to a valid format.
11:29:49 BeanFactory id=602ebea7-ba56-317f-97d1-e20783f42ec0
11:29:49 Bean 'org.springframework.cloud.autoconfigure.ConfigurationPropertiesRebinderAutoConfiguration' of type [org.springframework.cloud.autoconfigure.ConfigurationPropertiesRebinderAutoConfiguration$$EnhancerBySpringCGLIB$$37cef890] is not eligible for getting processed by all BeanPostProcessors (for example: not eligible for auto-proxying)
11:29:49 Tomcat initialized with port(s): 8761 (http)
11:29:49 Initializing ProtocolHandler ["http-nio-8761"]
11:29:49 Starting service [Tomcat]
11:29:49 Starting Servlet engine: [Apache Tomcat/9.0.17]
11:29:49 Initializing Spring embedded WebApplicationContext
11:29:49 Root WebApplicationContext: initialization completed in 1305 ms
11:29:49 No URLs will be polled as dynamic configuration sources.
11:29:49 To enable URLs as dynamic configuration sources, define System property archaius.configurationSource.additionalUrls or make config.properties available on classpath.
11:29:49 DynamicPropertyFactory is initialized with configuration sources: com.netflix.config.ConcurrentCompositeConfiguration@3bddc676
11:29:51 Cannot determine local hostname
11:29:52 Initiating Jersey application, version 'Jersey: 1.19.1 03/11/2016 02:08 PM'
11:29:52 No URLs will be polled as dynamic configuration sources.
11:29:52 To enable URLs as dynamic configuration sources, define System property archaius.configurationSource.additionalUrls or make config.properties available on classpath.
11:29:52 Initializing ExecutorService 'applicationTaskExecutor'
11:29:54 Cannot determine local hostname
11:29:54 Setting initial instance status as: STARTING
11:29:54 Exposing 2 endpoint(s) beneath base path '/actuator'
11:29:54 Registering application EXEUREKA with eureka with status UP
11:29:54 Setting the eureka configuration..
11:29:54 Eureka data center value eureka.datacenter is not set, defaulting to default
11:29:54 Eureka environment value eureka.environment is not set, defaulting to test
11:29:54 isAws returned false
11:29:54 Initialized server context
11:29:54 Starting ProtocolHandler ["http-nio-8761"]
11:29:54 Started Eureka Server
11:29:54 Tomcat started on port(s): 8761 (http) with context path ''
11:29:54 Updating port to 8761
11:29:54 Started EurekaExApplication in 10.24 seconds (JVM running for 11.452)
11:29:55 Initializing Spring DispatcherServlet 'dispatcherServlet'
11:29:55 Initializing Servlet 'dispatcherServlet'
11:29:55 Completed initialization in 8 ms
11:40:58 Application shutdown requested.
11:40:58 Unregistering application EXEUREKA with eureka with status DOWN
11:40:58 Shutting down ExecutorService 'applicationTaskExecutor'
11:40:58 Pausing ProtocolHandler ["http-nio-8761"]
11:40:58 Stopping service [Tomcat]
11:40:58 Destroying Spring FrameworkServlet 'dispatcherServlet'
11:40:58 Stopping ProtocolHandler ["http-nio-8761"]
11:40:58 Destroying ProtocolHandler ["http-nio-8761"]
